Traceback (most recent call last):
  File "/Users/runner/hostedtoolcache/Python/3.8.12/x64/lib/python3.8/site-packages/jupyter_cache/executors/utils.py", line 51, in single_nb_execution
    executenb(
  File "/Users/runner/hostedtoolcache/Python/3.8.12/x64/lib/python3.8/site-packages/nbclient/client.py", line 1085, in execute
    return NotebookClient(nb=nb, resources=resources, km=km, **kwargs).execute()
  File "/Users/runner/hostedtoolcache/Python/3.8.12/x64/lib/python3.8/site-packages/nbclient/util.py", line 84, in wrapped
    return just_run(coro(*args, **kwargs))
  File "/Users/runner/hostedtoolcache/Python/3.8.12/x64/lib/python3.8/site-packages/nbclient/util.py", line 62, in just_run
    return loop.run_until_complete(coro)
  File "/Users/runner/hostedtoolcache/Python/3.8.12/x64/lib/python3.8/asyncio/base_events.py", line 616, in run_until_complete
    return future.result()
  File "/Users/runner/hostedtoolcache/Python/3.8.12/x64/lib/python3.8/site-packages/nbclient/client.py", line 551, in async_execute
    await self.async_execute_cell(
  File "/Users/runner/hostedtoolcache/Python/3.8.12/x64/lib/python3.8/site-packages/nbclient/client.py", line 846, in async_execute_cell
    self._check_raise_for_error(cell, exec_reply)
  File "/Users/runner/hostedtoolcache/Python/3.8.12/x64/lib/python3.8/site-packages/nbclient/client.py", line 748, in _check_raise_for_error
    raise CellExecutionError.from_cell_and_msg(cell, exec_reply_content)
nbclient.exceptions.CellExecutionError: An error occurred while executing the following cell:
------------------
stage_2 = 'lwage ~ 1 + educ_fit'

res_stage_2 =IV2SLS.from_formula(stage_2, data=mroz).fit(cov_type='unadjusted')  # OLS推定

print(res_stage_2.summary.tables[1])
------------------

[0;31m---------------------------------------------------------------------------[0m
[0;31mValueError[0m                                Traceback (most recent call last)
Input [0;32mIn [8][0m, in [0;36m<module>[0;34m[0m
[1;32m      1[0m stage_2 [38;5;241m=[39m [38;5;124m'[39m[38;5;124mlwage ~ 1 + educ_fit[39m[38;5;124m'[39m
[0;32m----> 3[0m res_stage_2 [38;5;241m=[39m[43mIV2SLS[49m[38;5;241;43m.[39;49m[43mfrom_formula[49m[43m([49m[43mstage_2[49m[43m,[49m[43m [49m[43mdata[49m[38;5;241;43m=[39;49m[43mmroz[49m[43m)[49m[38;5;241m.[39mfit(cov_type[38;5;241m=[39m[38;5;124m'[39m[38;5;124munadjusted[39m[38;5;124m'[39m)  [38;5;66;03m# OLS推定[39;00m
[1;32m      5[0m [38;5;28mprint[39m(res_stage_2[38;5;241m.[39msummary[38;5;241m.[39mtables[[38;5;241m1[39m])

File [0;32m~/hostedtoolcache/Python/3.8.12/x64/lib/python3.8/site-packages/linearmodels/iv/model.py:904[0m, in [0;36mIV2SLS.from_formula[0;34m(formula, data, weights)[0m
[1;32m    866[0m [38;5;124;03m"""[39;00m
[1;32m    867[0m [38;5;124;03mParameters[39;00m
[1;32m    868[0m [38;5;124;03m----------[39;00m
[0;32m   (...)[0m
[1;32m    901[0m [38;5;124;03m>>> mod = IV2SLS.from_formula(formula, data)[39;00m
[1;32m    902[0m [38;5;124;03m"""[39;00m
[1;32m    903[0m parser [38;5;241m=[39m IVFormulaParser(formula, data)
[0;32m--> 904[0m dep, exog, endog, instr [38;5;241m=[39m [43mparser[49m[38;5;241;43m.[39;49m[43mdata[49m
[1;32m    905[0m mod [38;5;241m=[39m IV2SLS(dep, exog, endog, instr, weights[38;5;241m=[39mweights)
[1;32m    906[0m mod[38;5;241m.[39mformula [38;5;241m=[39m formula

File [0;32m~/hostedtoolcache/Python/3.8.12/x64/lib/python3.8/site-packages/linearmodels/iv/_utility.py:147[0m, in [0;36mIVFormulaParser.data[0;34m(self)[0m
[1;32m    145[0m [38;5;124;03m"""Returns a tuple containing the dependent, exog, endog and instruments"""[39;00m
[1;32m    146[0m [38;5;28mself[39m[38;5;241m.[39m_eval_env [38;5;241m+[39m[38;5;241m=[39m [38;5;241m1[39m
[0;32m--> 147[0m out [38;5;241m=[39m [38;5;28mself[39m[38;5;241m.[39mdependent, [38;5;28;43mself[39;49m[38;5;241;43m.[39;49m[43mexog[49m, [38;5;28mself[39m[38;5;241m.[39mendog, [38;5;28mself[39m[38;5;241m.[39minstruments
[1;32m    148[0m [38;5;28mself[39m[38;5;241m.[39m_eval_env [38;5;241m-[39m[38;5;241m=[39m [38;5;241m1[39m
[1;32m    149[0m [38;5;28;01mreturn[39;00m out

File [0;32m~/hostedtoolcache/Python/3.8.12/x64/lib/python3.8/site-packages/linearmodels/iv/_utility.py:168[0m, in [0;36mIVFormulaParser.exog[0;34m(self)[0m
[1;32m    166[0m [38;5;124;03m"""Exogenous variables"""[39;00m
[1;32m    167[0m exog_fmla [38;5;241m=[39m [38;5;28mself[39m[38;5;241m.[39mcomponents[[38;5;124m"[39m[38;5;124mexog[39m[38;5;124m"[39m]
[0;32m--> 168[0m exog [38;5;241m=[39m [43mmodel_matrix[49m[43m([49m
[1;32m    169[0m [43m    [49m[43mexog_fmla[49m[43m,[49m
[1;32m    170[0m [43m    [49m[38;5;28;43mself[39;49m[38;5;241;43m.[39;49m[43m_data[49m[43m,[49m
[1;32m    171[0m [43m    [49m[43mcontext[49m[38;5;241;43m=[39;49m[38;5;28;43mself[39;49m[38;5;241;43m.[39;49m[43m_eval_env[49m[43m,[49m
[1;32m    172[0m [43m    [49m[43mensure_full_rank[49m[38;5;241;43m=[39;49m[38;5;28;43;01mTrue[39;49;00m[43m,[49m
[1;32m    173[0m [43m    [49m[43mna_action[49m[38;5;241;43m=[39;49m[43mfNAAction[49m[43m([49m[38;5;124;43m"[39;49m[38;5;124;43mraise[39;49m[38;5;124;43m"[39;49m[43m)[49m[43m,[49m
[1;32m    174[0m [43m[49m[43m)[49m
[1;32m    175[0m [38;5;28;01mreturn[39;00m [38;5;28mself[39m[38;5;241m.[39m_empty_check(DataFrame(exog))

File [0;32m~/hostedtoolcache/Python/3.8.12/x64/lib/python3.8/site-packages/formulaic/sugar.py:14[0m, in [0;36mmodel_matrix[0;34m(formula, data, context, **kwargs)[0m
[1;32m     12[0m     [38;5;28;01melse[39;00m:
[1;32m     13[0m         context [38;5;241m=[39m [38;5;28;01mNone[39;00m  [38;5;66;03m# pragma: no cover[39;00m
[0;32m---> 14[0m [38;5;28;01mreturn[39;00m [43mFormula[49m[43m([49m[43mformula[49m[43m)[49m[38;5;241;43m.[39;49m[43mget_model_matrix[49m[43m([49m[43mdata[49m[43m,[49m[43m [49m[43mcontext[49m[38;5;241;43m=[39;49m[43mcontext[49m[43m,[49m[43m [49m[38;5;241;43m*[39;49m[38;5;241;43m*[39;49m[43mkwargs[49m[43m)[49m

File [0;32m~/hostedtoolcache/Python/3.8.12/x64/lib/python3.8/site-packages/formulaic/formula.py:63[0m, in [0;36mFormula.get_model_matrix[0;34m(self, data, context, materializer, ensure_full_rank, **kwargs)[0m
[1;32m     61[0m [38;5;28;01mif[39;00m [38;5;129;01mnot[39;00m inspect[38;5;241m.[39misclass(materializer) [38;5;129;01mor[39;00m [38;5;129;01mnot[39;00m [38;5;28missubclass[39m(materializer, FormulaMaterializer):
[1;32m     62[0m     [38;5;28;01mraise[39;00m FormulaMaterializerInvalidError([38;5;124m"[39m[38;5;124mMaterializers must be subclasses of `formulaic.materializers.FormulaMaterializer`.[39m[38;5;124m"[39m)
[0;32m---> 63[0m [38;5;28;01mreturn[39;00m [43mmaterializer[49m[43m([49m[43mdata[49m[43m,[49m[43m [49m[43mcontext[49m[38;5;241;43m=[39;49m[43mcontext[49m[43m [49m[38;5;129;43;01mor[39;49;00m[43m [49m[43m{[49m[43m}[49m[43m)[49m[38;5;241;43m.[39;49m[43mget_model_matrix[49m[43m([49m[38;5;28;43mself[39;49m[43m,[49m[43m [49m[43mensure_full_rank[49m[38;5;241;43m=[39;49m[43mensure_full_rank[49m[43m,[49m[43m [49m[38;5;241;43m*[39;49m[38;5;241;43m*[39;49m[43mkwargs[49m[43m)[49m

File [0;32m~/hostedtoolcache/Python/3.8.12/x64/lib/python3.8/site-packages/formulaic/materializers/base.py:157[0m, in [0;36mFormulaMaterializer.get_model_matrix[0;34m(self, spec, ensure_full_rank, na_action, output)[0m
[1;32m    150[0m     spec[38;5;241m.[39mstructure [38;5;241m=[39m [
[1;32m    151[0m         (term, [38;5;28mlist[39m(st[38;5;241m.[39mcopy(without_values[38;5;241m=[39m[38;5;28;01mTrue[39;00m) [38;5;28;01mfor[39;00m st [38;5;129;01min[39;00m scoped_terms), [38;5;28mlist[39m(scoped_cols))
[1;32m    152[0m         [38;5;28;01mfor[39;00m term, scoped_terms, scoped_cols [38;5;129;01min[39;00m cols
[1;32m    153[0m     ]
[1;32m    155[0m [38;5;66;03m# Step 5: Collate factors into one ModelMatrix[39;00m
[1;32m    156[0m [38;5;28;01mreturn[39;00m ModelMatrix(
[0;32m--> 157[0m     [38;5;28;43mself[39;49m[38;5;241;43m.[39;49m[43m_combine_columns[49m[43m([49m[43m[[49m
[1;32m    158[0m [43m        [49m[43m([49m[43mname[49m[43m,[49m[43m [49m[43mvalues[49m[43m)[49m
[1;32m    159[0m [43m        [49m[38;5;28;43;01mfor[39;49;00m[43m [49m[43mterm[49m[43m,[49m[43m [49m[43mscoped_terms[49m[43m,[49m[43m [49m[43mscoped_cols[49m[43m [49m[38;5;129;43;01min[39;49;00m[43m [49m[43mcols[49m
[1;32m    160[0m [43m        [49m[38;5;28;43;01mfor[39;49;00m[43m [49m[43mname[49m[43m,[49m[43m [49m[43mvalues[49m[43m [49m[38;5;129;43;01min[39;49;00m[43m [49m[43mscoped_cols[49m[38;5;241;43m.[39;49m[43mitems[49m[43m([49m[43m)[49m
[1;32m    161[0m [43m    [49m[43m][49m[43m,[49m[43m [49m[43mspec[49m[38;5;241;43m=[39;49m[43mspec[49m[43m,[49m[43m [49m[43mdrop_rows[49m[38;5;241;43m=[39;49m[43mdrop_rows[49m[43m)[49m,
[1;32m    162[0m     spec[38;5;241m=[39mspec
[1;32m    163[0m )

File [0;32m~/hostedtoolcache/Python/3.8.12/x64/lib/python3.8/site-packages/formulaic/materializers/pandas.py:129[0m, in [0;36mPandasMaterializer._combine_columns[0;34m(self, cols, spec, drop_rows)[0m
[1;32m    127[0m [38;5;28;01mif[39;00m spec[38;5;241m.[39moutput [38;5;241m==[39m [38;5;124m'[39m[38;5;124mnumpy[39m[38;5;124m'[39m:
[1;32m    128[0m     [38;5;28;01mreturn[39;00m numpy[38;5;241m.[39mstack([col[[38;5;241m1[39m] [38;5;28;01mfor[39;00m col [38;5;129;01min[39;00m cols], axis[38;5;241m=[39m[38;5;241m1[39m)
[0;32m--> 129[0m [38;5;28;01mreturn[39;00m [43mpandas[49m[38;5;241;43m.[39;49m[43mDataFrame[49m[43m([49m
[1;32m    130[0m [43m    [49m[43m{[49m
[1;32m    131[0m [43m        [49m[43mcol[49m[43m[[49m[38;5;241;43m0[39;49m[43m][49m[43m:[49m[43m [49m[43mcol[49m[43m[[49m[38;5;241;43m1[39;49m[43m][49m
[1;32m    132[0m [43m        [49m[38;5;28;43;01mfor[39;49;00m[43m [49m[43mcol[49m[43m [49m[38;5;129;43;01min[39;49;00m[43m [49m[43mcols[49m
[1;32m    133[0m [43m    [49m[43m}[49m[43m,[49m
[1;32m    134[0m [43m    [49m[43mindex[49m[38;5;241;43m=[39;49m[43mpandas_index[49m[43m,[49m
[1;32m    135[0m [43m    [49m[43mcopy[49m[38;5;241;43m=[39;49m[38;5;28;43;01mFalse[39;49;00m[43m,[49m
[1;32m    136[0m [43m[49m[43m)[49m

File [0;32m~/hostedtoolcache/Python/3.8.12/x64/lib/python3.8/site-packages/pandas/core/frame.py:614[0m, in [0;36mDataFrame.__init__[0;34m(self, data, index, columns, dtype, copy)[0m
[1;32m    608[0m     mgr [38;5;241m=[39m [38;5;28mself[39m[38;5;241m.[39m_init_mgr(
[1;32m    609[0m         data, axes[38;5;241m=[39m{[38;5;124m"[39m[38;5;124mindex[39m[38;5;124m"[39m: index, [38;5;124m"[39m[38;5;124mcolumns[39m[38;5;124m"[39m: columns}, dtype[38;5;241m=[39mdtype, copy[38;5;241m=[39mcopy
[1;32m    610[0m     )
[1;32m    612[0m [38;5;28;01melif[39;00m [38;5;28misinstance[39m(data, [38;5;28mdict[39m):
[1;32m    613[0m     [38;5;66;03m# GH#38939 de facto copy defaults to False only in non-dict cases[39;00m
[0;32m--> 614[0m     mgr [38;5;241m=[39m [43mdict_to_mgr[49m[43m([49m[43mdata[49m[43m,[49m[43m [49m[43mindex[49m[43m,[49m[43m [49m[43mcolumns[49m[43m,[49m[43m [49m[43mdtype[49m[38;5;241;43m=[39;49m[43mdtype[49m[43m,[49m[43m [49m[43mcopy[49m[38;5;241;43m=[39;49m[43mcopy[49m[43m,[49m[43m [49m[43mtyp[49m[38;5;241;43m=[39;49m[43mmanager[49m[43m)[49m
[1;32m    615[0m [38;5;28;01melif[39;00m [38;5;28misinstance[39m(data, ma[38;5;241m.[39mMaskedArray):
[1;32m    616[0m     [38;5;28;01mimport[39;00m [38;5;21;01mnumpy[39;00m[38;5;21;01m.[39;00m[38;5;21;01mma[39;00m[38;5;21;01m.[39;00m[38;5;21;01mmrecords[39;00m [38;5;28;01mas[39;00m [38;5;21;01mmrecords[39;00m

File [0;32m~/hostedtoolcache/Python/3.8.12/x64/lib/python3.8/site-packages/pandas/core/internals/construction.py:464[0m, in [0;36mdict_to_mgr[0;34m(data, index, columns, dtype, typ, copy)[0m
[1;32m    456[0m     arrays [38;5;241m=[39m [
[1;32m    457[0m         x
[1;32m    458[0m         [38;5;28;01mif[39;00m [38;5;129;01mnot[39;00m [38;5;28mhasattr[39m(x, [38;5;124m"[39m[38;5;124mdtype[39m[38;5;124m"[39m) [38;5;129;01mor[39;00m [38;5;129;01mnot[39;00m [38;5;28misinstance[39m(x[38;5;241m.[39mdtype, ExtensionDtype)
[1;32m    459[0m         [38;5;28;01melse[39;00m x[38;5;241m.[39mcopy()
[1;32m    460[0m         [38;5;28;01mfor[39;00m x [38;5;129;01min[39;00m arrays
[1;32m    461[0m     ]
[1;32m    462[0m     [38;5;66;03m# TODO: can we get rid of the dt64tz special case above?[39;00m
[0;32m--> 464[0m [38;5;28;01mreturn[39;00m [43marrays_to_mgr[49m[43m([49m
[1;32m    465[0m [43m    [49m[43marrays[49m[43m,[49m[43m [49m[43mdata_names[49m[43m,[49m[43m [49m[43mindex[49m[43m,[49m[43m [49m[43mcolumns[49m[43m,[49m[43m [49m[43mdtype[49m[38;5;241;43m=[39;49m[43mdtype[49m[43m,[49m[43m [49m[43mtyp[49m[38;5;241;43m=[39;49m[43mtyp[49m[43m,[49m[43m [49m[43mconsolidate[49m[38;5;241;43m=[39;49m[43mcopy[49m
[1;32m    466[0m [43m[49m[43m)[49m

File [0;32m~/hostedtoolcache/Python/3.8.12/x64/lib/python3.8/site-packages/pandas/core/internals/construction.py:124[0m, in [0;36marrays_to_mgr[0;34m(arrays, arr_names, index, columns, dtype, verify_integrity, typ, consolidate)[0m
[1;32m    121[0m         index [38;5;241m=[39m ensure_index(index)
[1;32m    123[0m     [38;5;66;03m# don't force copy because getting jammed in an ndarray anyway[39;00m
[0;32m--> 124[0m     arrays [38;5;241m=[39m [43m_homogenize[49m[43m([49m[43marrays[49m[43m,[49m[43m [49m[43mindex[49m[43m,[49m[43m [49m[43mdtype[49m[43m)[49m
[1;32m    126[0m [38;5;28;01melse[39;00m:
[1;32m    127[0m     index [38;5;241m=[39m ensure_index(index)

File [0;32m~/hostedtoolcache/Python/3.8.12/x64/lib/python3.8/site-packages/pandas/core/internals/construction.py:589[0m, in [0;36m_homogenize[0;34m(data, index, dtype)[0m
[1;32m    586[0m                 val [38;5;241m=[39m [38;5;28mdict[39m(val)
[1;32m    587[0m             val [38;5;241m=[39m lib[38;5;241m.[39mfast_multiget(val, oindex[38;5;241m.[39m_values, default[38;5;241m=[39mnp[38;5;241m.[39mnan)
[0;32m--> 589[0m         val [38;5;241m=[39m [43msanitize_array[49m[43m([49m
[1;32m    590[0m [43m            [49m[43mval[49m[43m,[49m[43m [49m[43mindex[49m[43m,[49m[43m [49m[43mdtype[49m[38;5;241;43m=[39;49m[43mdtype[49m[43m,[49m[43m [49m[43mcopy[49m[38;5;241;43m=[39;49m[38;5;28;43;01mFalse[39;49;00m[43m,[49m[43m [49m[43mraise_cast_failure[49m[38;5;241;43m=[39;49m[38;5;28;43;01mFalse[39;49;00m
[1;32m    591[0m [43m        [49m[43m)[49m
[1;32m    593[0m     homogenized[38;5;241m.[39mappend(val)
[1;32m    595[0m [38;5;28;01mreturn[39;00m homogenized

File [0;32m~/hostedtoolcache/Python/3.8.12/x64/lib/python3.8/site-packages/pandas/core/construction.py:576[0m, in [0;36msanitize_array[0;34m(data, index, dtype, copy, raise_cast_failure, allow_2d)[0m
[1;32m    573[0m             subarr [38;5;241m=[39m cast(np[38;5;241m.[39mndarray, subarr)
[1;32m    574[0m             subarr [38;5;241m=[39m maybe_infer_to_datetimelike(subarr)
[0;32m--> 576[0m subarr [38;5;241m=[39m [43m_sanitize_ndim[49m[43m([49m[43msubarr[49m[43m,[49m[43m [49m[43mdata[49m[43m,[49m[43m [49m[43mdtype[49m[43m,[49m[43m [49m[43mindex[49m[43m,[49m[43m [49m[43mallow_2d[49m[38;5;241;43m=[39;49m[43mallow_2d[49m[43m)[49m
[1;32m    578[0m [38;5;28;01mif[39;00m [38;5;28misinstance[39m(subarr, np[38;5;241m.[39mndarray):
[1;32m    579[0m     [38;5;66;03m# at this point we should have dtype be None or subarr.dtype == dtype[39;00m
[1;32m    580[0m     dtype [38;5;241m=[39m cast(np[38;5;241m.[39mdtype, dtype)

File [0;32m~/hostedtoolcache/Python/3.8.12/x64/lib/python3.8/site-packages/pandas/core/construction.py:627[0m, in [0;36m_sanitize_ndim[0;34m(result, data, dtype, index, allow_2d)[0m
[1;32m    625[0m     [38;5;28;01mif[39;00m allow_2d:
[1;32m    626[0m         [38;5;28;01mreturn[39;00m result
[0;32m--> 627[0m     [38;5;28;01mraise[39;00m [38;5;167;01mValueError[39;00m([38;5;124m"[39m[38;5;124mData must be 1-dimensional[39m[38;5;124m"[39m)
[1;32m    628[0m [38;5;28;01mif[39;00m is_object_dtype(dtype) [38;5;129;01mand[39;00m [38;5;28misinstance[39m(dtype, ExtensionDtype):
[1;32m    629[0m     [38;5;66;03m# i.e. PandasDtype("O")[39;00m
[1;32m    631[0m     result [38;5;241m=[39m com[38;5;241m.[39masarray_tuplesafe(data, dtype[38;5;241m=[39mnp[38;5;241m.[39mdtype([38;5;124m"[39m[38;5;124mobject[39m[38;5;124m"[39m))

[0;31mValueError[0m: Data must be 1-dimensional
ValueError: Data must be 1-dimensional

